Using pre-set license
Built from '2020.3/staging' branch; Version is '2020.3.22f1 (e1a7f79fd887) revision 14788599'; Using compiler version '192528614'; Build Type 'Release'
OS: 'Windows 10 Pro; OS build 19043.1526; Version 2009; 64bit' Language: 'ru' Physical Memory: 24540 MB
BatchMode: 1, IsHumanControllingUs: 0, StartBugReporterOnCrash: 0, Is64bit: 1, IsPro: 0

COMMAND LINE ARGUMENTS:
D:\Unity\2020.3.22f1\Editor\Unity.exe
-adb2
-batchMode
-noUpm
-name
AssetImportWorker0
-projectPath
D:/MyShittyProjects/HitAndDrive/Racing Game
-logFile
Logs/AssetImportWorker0.log
-srvPort
62740
Successfully changed project path to: D:/MyShittyProjects/HitAndDrive/Racing Game
D:/MyShittyProjects/HitAndDrive/Racing Game
Using Asset Import Pipeline V2.
Refreshing native plugins compatible for Editor in 81.74 ms, found 2 plugins.
Preloading 0 native plugins for Editor in 0.00 ms.
Initialize engine version: 2020.3.22f1 (e1a7f79fd887)
[Subsystems] Discovering subsystems at path D:/Unity/2020.3.22f1/Editor/Data/Resources/UnitySubsystems
[Subsystems] Discovering subsystems at path D:/MyShittyProjects/HitAndDrive/Racing Game/Assets
GfxDevice: creating device client; threaded=0
Direct3D:
    Version:  Direct3D 11.0 [level 11.1]
    Renderer: NVIDIA GeForce GTX 1070 (ID=0x1b81)
    Vendor:   
    VRAM:     8088 MB
    Driver:   30.0.14.9613
Initialize mono
Mono path[0] = 'D:/Unity/2020.3.22f1/Editor/Data/Managed'
Mono path[1] = 'D:/Unity/2020.3.22f1/Editor/Data/MonoBleedingEdge/lib/mono/unityjit'
Mono config path = 'D:/Unity/2020.3.22f1/Editor/Data/MonoBleedingEdge/etc'
Using monoOptions --debugger-agent=transport=dt_socket,embedding=1,server=y,suspend=n,address=127.0.0.1:56612
Begin MonoManager ReloadAssembly
Registering precompiled unity dll's ...
Register platform support module: D:/Unity/2020.3.22f1/Editor/Data/PlaybackEngines/WindowsStandaloneSupport/UnityEditor.WindowsStandalone.Extensions.dll
Registered in 0.000976 seconds.
Native extension for WindowsStandalone target not found
Refreshing native plugins compatible for Editor in 75.05 ms, found 2 plugins.
Preloading 0 native plugins for Editor in 0.00 ms.
Mono: successfully reloaded assembly
- Completed reload, in  1.785 seconds
Domain Reload Profiling:
	ReloadAssembly (1786ms)
		BeginReloadAssembly (64ms)
			ExecutionOrderSort (0ms)
			DisableScriptedObjects (0ms)
			BackupInstance (0ms)
			ReleaseScriptingObjects (0ms)
			CreateAndSetChildDomain (1ms)
		EndReloadAssembly (558ms)
			LoadAssemblies (63ms)
			RebuildTransferFunctionScriptingTraits (0ms)
			SetupTypeCache (182ms)
			ReleaseScriptCaches (0ms)
			RebuildScriptCaches (39ms)
			SetupLoadedEditorAssemblies (228ms)
				LogAssemblyErrors (0ms)
				InitializePlatformSupportModulesInManaged (5ms)
				SetLoadedEditorAssemblies (0ms)
				RefreshPlugins (75ms)
				BeforeProcessingInitializeOnLoad (20ms)
				ProcessInitializeOnLoadAttributes (94ms)
				ProcessInitializeOnLoadMethodAttributes (34ms)
				AfterProcessingInitializeOnLoad (0ms)
				EditorAssembliesLoaded (0ms)
			ExecutionOrderSort2 (0ms)
			AwakeInstancesAfterBackupRestoration (0ms)
Platform modules already initialized, skipping
Registering precompiled user dll's ...
Registered in 0.005335 seconds.
Begin MonoManager ReloadAssembly
Native extension for WindowsStandalone target not found
Refreshing native plugins compatible for Editor in 76.37 ms, found 2 plugins.
Preloading 0 native plugins for Editor in 0.00 ms.
Mono: successfully reloaded assembly
- Completed reload, in  1.365 seconds
Domain Reload Profiling:
	ReloadAssembly (1366ms)
		BeginReloadAssembly (164ms)
			ExecutionOrderSort (0ms)
			DisableScriptedObjects (5ms)
			BackupInstance (0ms)
			ReleaseScriptingObjects (0ms)
			CreateAndSetChildDomain (23ms)
		EndReloadAssembly (1135ms)
			LoadAssemblies (107ms)
			RebuildTransferFunctionScriptingTraits (0ms)
			SetupTypeCache (384ms)
			ReleaseScriptCaches (1ms)
			RebuildScriptCaches (79ms)
			SetupLoadedEditorAssemblies (420ms)
				LogAssemblyErrors (0ms)
				InitializePlatformSupportModulesInManaged (4ms)
				SetLoadedEditorAssemblies (0ms)
				RefreshPlugins (76ms)
				BeforeProcessingInitializeOnLoad (99ms)
				ProcessInitializeOnLoadAttributes (220ms)
				ProcessInitializeOnLoadMethodAttributes (17ms)
				AfterProcessingInitializeOnLoad (3ms)
				EditorAssembliesLoaded (0ms)
			ExecutionOrderSort2 (0ms)
			AwakeInstancesAfterBackupRestoration (8ms)
Platform modules already initialized, skipping
========================================================================
Worker process is ready to serve import requests
Launched and connected shader compiler UnityShaderCompiler.exe after 0.09 seconds
Refreshing native plugins compatible for Editor in 0.66 ms, found 2 plugins.
Preloading 0 native plugins for Editor in 0.00 ms.
Unloading 2948 Unused Serialized files (Serialized files now loaded: 0)
System memory in use before: 270.1 MB.
System memory in use after: 270.3 MB.

Unloading 28 unused Assets to reduce memory usage. Loaded Objects now: 3427.
Total: 3.844800 ms (FindLiveObjects: 0.289400 ms CreateObjectMapping: 0.157000 ms MarkObjects: 3.260900 ms  DeleteObjects: 0.136100 ms)

AssetImportParameters requested are different than current active one (requested -> active):
  custom:framework-win-MediaFoundation: 216162199b28c13a410421893ffa2e32 -> 
  custom:video-decoder-ogg-theora: a1e56fd34408186e4bbccfd4996cb3dc -> 
  custom:container-muxer-webm: aa71ff27fc2769a1b78a27578f13a17b -> 
  custom:container-demuxer-webm: 4f35f7cbe854078d1ac9338744f61a02 -> 
  custom:container-demuxer-ogg: 62fdf1f143b41e24485cea50d1cbac27 -> 
  custom:video-encoder-webm-vp8: eb34c28f22e8b96e1ab97ce403110664 -> 
  custom:video-decoder-webm-vp8: 9c59270c3fd7afecdb556c50c9e8de78 -> 
  custom:audio-decoder-ogg-vorbis: bf7c407c2cedff20999df2af8eb42d56 -> 
  custom:audio-encoder-webm-vorbis: bf7c407c2cedff20999df2af8eb42d56 -> 
========================================================================
Received Import Request.
  path: Assets/Materials/White.mat
  artifactKey: Guid(76c55faeb4b41f843973a3d33f555e6e) Importer(815301076,1909f56bfc062723c751e8b465ee728b)
Start importing Assets/Materials/White.mat using Guid(76c55faeb4b41f843973a3d33f555e6e) Importer(815301076,1909f56bfc062723c751e8b465ee728b)  -> (artifact id: '840722164fd34207fb5223fea17c85cd') in 0.133295 seconds 
  Import took 0.149353 seconds .

========================================================================
Received Import Request.
  Time since last request: 0.000230 seconds.
  path: Assets/Materials/Black.mat
  artifactKey: Guid(4cfb79cfec11d7441a22efe17f332065) Importer(815301076,1909f56bfc062723c751e8b465ee728b)
Start importing Assets/Materials/Black.mat using Guid(4cfb79cfec11d7441a22efe17f332065) Importer(815301076,1909f56bfc062723c751e8b465ee728b)  -> (artifact id: '04ce344a34cc5159a28b41e6e1ebaba7') in 0.031527 seconds 
  Import took 0.061618 seconds .

========================================================================
Received Import Request.
  Time since last request: 0.000199 seconds.
  path: Assets/Materials/Grey.mat
  artifactKey: Guid(7a9a132dd0bc7e6458b4b796308e91ed) Importer(815301076,1909f56bfc062723c751e8b465ee728b)
Start importing Assets/Materials/Grey.mat using Guid(7a9a132dd0bc7e6458b4b796308e91ed) Importer(815301076,1909f56bfc062723c751e8b465ee728b)  -> (artifact id: '92099af12a1b2684277f12ad3887f711') in 0.025868 seconds 
  Import took 0.079683 seconds .

========================================================================
Received Import Request.
  Time since last request: 1432.153952 seconds.
  path: Assets/Materials/Gradient.shadergraph
  artifactKey: Guid(66ce24aa087583c4c9c7c05cb89dae1a) Importer(815301076,1909f56bfc062723c751e8b465ee728b)
Start importing Assets/Materials/Gradient.shadergraph using Guid(66ce24aa087583c4c9c7c05cb89dae1a) Importer(815301076,1909f56bfc062723c751e8b465ee728b)  -> (artifact id: '94e95691893841130e7fa17d2523fd2c') in 0.014881 seconds 
  Import took 0.047200 seconds .

========================================================================
Received Import Request.
  Time since last request: 351.327969 seconds.
  path: Assets/Materials/Gradient.shadergraph
  artifactKey: Guid(66ce24aa087583c4c9c7c05cb89dae1a) Importer(815301076,1909f56bfc062723c751e8b465ee728b)
Start importing Assets/Materials/Gradient.shadergraph using Guid(66ce24aa087583c4c9c7c05cb89dae1a) Importer(815301076,1909f56bfc062723c751e8b465ee728b)  -> (artifact id: '2539b85442ffc6063d23696c3adc3817') in 0.013897 seconds 
  Import took 0.064827 seconds .

========================================================================
Received Import Request.
  Time since last request: 12.691123 seconds.
  path: Assets/Materials/Gradient.shadergraph
  artifactKey: Guid(66ce24aa087583c4c9c7c05cb89dae1a) Importer(815301076,1909f56bfc062723c751e8b465ee728b)
Start importing Assets/Materials/Gradient.shadergraph using Guid(66ce24aa087583c4c9c7c05cb89dae1a) Importer(815301076,1909f56bfc062723c751e8b465ee728b)  -> (artifact id: '9ffbdf3806e0018809e5dda3f957710a') in 0.008122 seconds 
  Import took 0.038074 seconds .

========================================================================
Received Import Request.
  Time since last request: 12.898268 seconds.
  path: Assets/Materials/GradientMat.mat
  artifactKey: Guid(7390faa59b6bf134bacdd1ef66e4ee3d) Importer(815301076,1909f56bfc062723c751e8b465ee728b)
Start importing Assets/Materials/GradientMat.mat using Guid(7390faa59b6bf134bacdd1ef66e4ee3d) Importer(815301076,1909f56bfc062723c751e8b465ee728b)  -> (artifact id: 'daed4200ebacfef72b3446ed411d743b') in 0.029130 seconds 
  Import took 0.058646 seconds .

========================================================================
Received Import Request.
  Time since last request: 76.089010 seconds.
  path: Assets/Materials/CustomGradient.shadergraph
  artifactKey: Guid(66ce24aa087583c4c9c7c05cb89dae1a) Importer(815301076,1909f56bfc062723c751e8b465ee728b)
Start importing Assets/Materials/CustomGradient.shadergraph using Guid(66ce24aa087583c4c9c7c05cb89dae1a) Importer(815301076,1909f56bfc062723c751e8b465ee728b)  -> (artifact id: 'a6613ce31a47dd954b469130e5431797') in 0.008267 seconds 
  Import took 0.030123 seconds .

AssetImportWorkerClient::OnTransportError - code=2 error=End of file
